The system is: Windows - 10.0.19045 - AMD64
Compiling the C compiler identification source file "CMakeCCompilerId.c" succeeded.
Compiler: C:/NormalFolder/software/CompilingSoftware/VisualStudio/VC/Tools/MSVC/14.28.29333/bin/Hostx86/x64/cl.exe 
Build flags: 
Id flags:  

The output was:
0
Microsoft (R) C/C++ Optimizing Compiler Version 19.28.29336 for x64
Copyright (C) Microsoft Corporation.  All rights reserved.

CMakeCCompilerId.c
Microsoft (R) Incremental Linker Version 14.28.29336.0
Copyright (C) Microsoft Corporation.  All rights reserved.

/out:CMakeCCompilerId.exe 
CMakeCCompilerId.obj 


Compilation of the C compiler identification source "CMakeCCompilerId.c" produced "CMakeCCompilerId.exe"

Compilation of the C compiler identification source "CMakeCCompilerId.c" produced "CMakeCCompilerId.obj"

The C compiler identification is MSVC, found in "D:/cityu/finger-tracking/software/leapmotion/leap-example/cmake-build-debug-visual-studio/CMakeFiles/3.25.2/CompilerIdC/CMakeCCompilerId.exe"

Detecting C compiler ABI info compiled with the following output:
Change Dir: D:/cityu/finger-tracking/software/leapmotion/leap-example/cmake-build-debug-visual-studio/CMakeFiles/CMakeScratch/TryCompile-lvk7sv

Run Build Command(s):C:/NormalFolder/software/CompilingSoftware/toolbox/apps/CLion/ch-0/231.8770.66/bin/ninja/win/x64/ninja.exe cmTC_06db0 && [1/2] Building C object CMakeFiles\cmTC_06db0.dir\CMakeCCompilerABI.c.obj
[2/2] Linking C executable cmTC_06db0.exe



